<?xml version="1.0" encoding="UTF-8"?>
<!-- Generated by org.testng.reporters.JUnitReportReporter -->
<testsuite hostname="NXL29002" name="com.xyz.Test1" tests="1" failures="0" timestamp="24 May 2016 09:03:31 GMT" time="0.000" errors="0">
  <testcase name="f" time="0.000" classname="com.xyz.Test1"/>
</testsuite> <!-- com.xyz.Test1 -->
